0.30000000000000004
0.17934616439188586
0.1351999253974994
0.9980019976692709
1.0
0.005917124647510692
1.2507406416421154E-30
2.5653004037898084E-6
0.9999678980282556
0.9999999996253863
3.624265411792111E-246
0.582991624920254
1.4011101444144718E-48
0.0
1.3920963439298683E-16
8.010419450108658E-12
1.3277503549190557E-11
4.9E-324
4.699777465386697E-14
1.2581503431130017E-235
0.9213066455016398
0.0
2.237525167604735E-9
1.0
8.666788101931084E-11
0.9999999999999989
4.615332986806317E-185
0.02412153932972742
0.9506212270966214
8.385421920919117E-26
3.3776765247822365E-167
0.0
0.999999999999998
0.0
1.481463763653318E-11
6.370426264121813E-11
3.349082139121578E-67
1.2707228127263689E-26
1.928085845132627E-9
0.9999982508116612
0.0023530048360416982
8.477258203910777E-16
9.16230243280059E-19
1.5779047828992685E-5
0.9999999949589596
0.25568639756026246
0.9999999999999997
0.9999999993947088
7.035678634548537E-20
1.3239500834931567E-9
2.1840838896914136E-7
1.900674004977278E-95
5.607658994938472E-21
8.25855317437161E-11
0.9999999472660508
3.3202475952286616E-33
1.713077631922998E-33
0.7160418991840477
0.12463023636361999
0.9999999999999991
6.056831584917304E-33
0.9999999999999505
1.5303470144819637E-4
6.984387402744695E-7
2.5721755251597794E-12
0.14856851112876313
1.0029147068983176E-8
3.641528220792232E-42
0.013405844390697228
1.3686738450437384E-35
3.958965726418035E-8
8.330716292717009E-7
0.14509356626040582
0.2426080948619174
9.774681101834135E-32
4.9E-324
6.330630552313108E-9
0.01233240289068316
2.1341976679465763E-49
1.3461839946089231E-106
8.541510595562482E-5
1.4499319793606712E-14
3.727947381111611E-36
2.27271583163021E-44
0.9999999999457402
6.600162960019165E-79
0.1291677700747258
1.2205363048279968E-214
0.07780763831565117
1.0491398292099931E-79
0.0010610132703654106
5.0955294042396696E-5
0.010361930246656917
0.0800982855984233
0.0
1.3978921636616484E-11
1.0
0.0028748606432267916
0.3464092568270476
2.9296774185364415E-4
