0.0
1.4142135623730951
0.0
730.1876471154521
1.7320508075688772
0.3162277660168385
0.0
52.0
120.26485922178749
6.781744669956588
220.37297527920217
589.3073704900136
257.5112313060762
215.71352035032555
379.507558832962
451.5167203862341
897.7869797480545
159.76545308670458
447.5359928624696
334.91315301676116
254.8676093088664
718.1277250788803
239.13685397656766
257.84301470356303
217.1957642312575
1062.4410571885858
224.81791800009398
309.5961506319162
342.6236852047271
215.46022401120592
162.83791236515344
392.8190085241156
271.6339448596217
672.106090622349
247.86098459315002
937.0317834482747
244.549626787163
600.3115857619275
293.5246629180409
339.7437114295375
242.05552195174025
402.0
163.8548201736197
492.5153990359268
361.7388910671266
157.37696840887833
306.1279867268513
112.47588855275146
676.6823754554474
252.077903239689
